#! /c/Source/iverilog-install/bin/vvp
:ivl_version "12.0 (devel)" "(s20150603-1539-g2693dd32b)";
:ivl_delay_selection "TYPICAL";
:vpi_time_precision + 0;
:vpi_module "C:\iverilog\lib\ivl\system.vpi";
:vpi_module "C:\iverilog\lib\ivl\vhdl_sys.vpi";
:vpi_module "C:\iverilog\lib\ivl\vhdl_textio.vpi";
:vpi_module "C:\iverilog\lib\ivl\v2005_math.vpi";
:vpi_module "C:\iverilog\lib\ivl\va_math.vpi";
S_0000023fa1ab64f0 .scope module, "digital_clock" "digital_clock" 2 2;
 .timescale 0 0;
    .port_info 0 /INPUT 1 "clk_1hz";
    .port_info 1 /INPUT 1 "reset";
    .port_info 2 /OUTPUT 7 "sec_units_display";
    .port_info 3 /OUTPUT 7 "sec_tens_display";
    .port_info 4 /OUTPUT 7 "min_units_display";
    .port_info 5 /OUTPUT 7 "min_tens_display";
    .port_info 6 /OUTPUT 7 "hour_units_display";
    .port_info 7 /OUTPUT 7 "hour_tens_display";
L_0000023fa1b13900 .functor AND 1, L_0000023fa1b64560, L_0000023fa1b649c0, C4<1>, C4<1>;
L_0000023fa1b12d30 .functor AND 1, L_0000023fa1b644c0, L_0000023fa1b13900, C4<1>, C4<1>;
L_0000023fa1b13040 .functor AND 1, L_0000023fa1b658c0, L_0000023fa1b12d30, C4<1>, C4<1>;
L_0000023fa1b130b0 .functor AND 1, L_0000023fa1b65820, L_0000023fa1b647e0, C4<1>, C4<1>;
L_0000023fa1b137b0 .functor AND 1, L_0000023fa1b130b0, L_0000023fa1b13040, C4<1>, C4<1>;
L_0000023fa1b65da8 .functor BUFT 1, C4<1001>, C4<0>, C4<0>, C4<0>;
v0000023fa1ab6810_0 .net/2u *"_ivl_0", 3 0, L_0000023fa1b65da8;  1 drivers
L_0000023fa1b65e38 .functor BUFT 1, C4<1001>, C4<0>, C4<0>, C4<0>;
v0000023fa1ab68b0_0 .net/2u *"_ivl_10", 3 0, L_0000023fa1b65e38;  1 drivers
v0000023fa1b633a0_0 .net *"_ivl_12", 0 0, L_0000023fa1b644c0;  1 drivers
L_0000023fa1b65e80 .functor BUFT 1, C4<101>, C4<0>, C4<0>, C4<0>;
v0000023fa1b63940_0 .net/2u *"_ivl_16", 2 0, L_0000023fa1b65e80;  1 drivers
v0000023fa1b63080_0 .net *"_ivl_18", 0 0, L_0000023fa1b658c0;  1 drivers
L_0000023fa1b65ec8 .functor BUFT 1, C4<10>, C4<0>, C4<0>, C4<0>;
v0000023fa1b63bc0_0 .net/2u *"_ivl_22", 1 0, L_0000023fa1b65ec8;  1 drivers
v0000023fa1b63580_0 .net *"_ivl_24", 0 0, L_0000023fa1b65820;  1 drivers
L_0000023fa1b65f10 .functor BUFT 1, C4<0011>, C4<0>, C4<0>, C4<0>;
v0000023fa1b639e0_0 .net/2u *"_ivl_26", 3 0, L_0000023fa1b65f10;  1 drivers
v0000023fa1b63300_0 .net *"_ivl_28", 0 0, L_0000023fa1b647e0;  1 drivers
v0000023fa1b63620_0 .net *"_ivl_31", 0 0, L_0000023fa1b130b0;  1 drivers
L_0000023fa1b65df0 .functor BUFT 1, C4<101>, C4<0>, C4<0>, C4<0>;
v0000023fa1b636c0_0 .net/2u *"_ivl_4", 2 0, L_0000023fa1b65df0;  1 drivers
v0000023fa1b63260_0 .net *"_ivl_6", 0 0, L_0000023fa1b64560;  1 drivers
o0000023fa1b18278 .functor BUFZ 1, C4<z>; HiZ drive
v0000023fa1b63120_0 .net "clk_1hz", 0 0, o0000023fa1b18278;  0 drivers
v0000023fa1b631c0_0 .var "hour_tens", 1 0;
v0000023fa1b638a0_0 .var "hour_tens_display", 6 0;
v0000023fa1b63440_0 .var "hour_units", 3 0;
v0000023fa1b634e0_0 .var "hour_units_display", 6 0;
v0000023fa1b63a80_0 .net "hours_reset", 0 0, L_0000023fa1b137b0;  1 drivers
v0000023fa1b63760_0 .var "min_tens", 2 0;
v0000023fa1b62cc0_0 .net "min_tens_carry", 0 0, L_0000023fa1b13040;  1 drivers
v0000023fa1b63800_0 .var "min_tens_display", 6 0;
v0000023fa1b62d60_0 .var "min_units", 3 0;
v0000023fa1b63b20_0 .net "min_units_carry", 0 0, L_0000023fa1b12d30;  1 drivers
v0000023fa1b62e00_0 .var "min_units_display", 6 0;
o0000023fa1b184b8 .functor BUFZ 1, C4<z>; HiZ drive
v0000023fa1b62ea0_0 .net "reset", 0 0, o0000023fa1b184b8;  0 drivers
v0000023fa1b62f40_0 .var "sec_tens", 2 0;
v0000023fa1b62fe0_0 .net "sec_tens_carry", 0 0, L_0000023fa1b13900;  1 drivers
v0000023fa1b655a0_0 .var "sec_tens_display", 6 0;
v0000023fa1b65780_0 .var "sec_units", 3 0;
v0000023fa1b65960_0 .net "sec_units_carry", 0 0, L_0000023fa1b649c0;  1 drivers
v0000023fa1b64a60_0 .var "sec_units_display", 6 0;
E_0000023fa1af8c10 .event posedge, v0000023fa1b62ea0_0, v0000023fa1b63120_0;
L_0000023fa1b649c0 .cmp/eq 4, v0000023fa1b65780_0, L_0000023fa1b65da8;
L_0000023fa1b64560 .cmp/eq 3, v0000023fa1b62f40_0, L_0000023fa1b65df0;
L_0000023fa1b644c0 .cmp/eq 4, v0000023fa1b62d60_0, L_0000023fa1b65e38;
L_0000023fa1b658c0 .cmp/eq 3, v0000023fa1b63760_0, L_0000023fa1b65e80;
L_0000023fa1b65820 .cmp/eq 2, v0000023fa1b631c0_0, L_0000023fa1b65ec8;
L_0000023fa1b647e0 .cmp/eq 4, v0000023fa1b63440_0, L_0000023fa1b65f10;
S_0000023fa1ab6680 .scope function.vec4.s7, "bcd_to_7seg" "bcd_to_7seg" 2 81, 2 81 0, S_0000023fa1ab64f0;
 .timescale 0 0;
v0000023fa1ab6b70_0 .var "bcd", 3 0;
; Variable bcd_to_7seg is vec4 return value of scope S_0000023fa1ab6680
TD_digital_clock.bcd_to_7seg ;
    %load/vec4 v0000023fa1ab6b70_0;
    %dup/vec4;
    %pushi/vec4 0, 0, 4;
    %cmp/u;
    %jmp/1 T_0.0, 6;
    %dup/vec4;
    %pushi/vec4 1, 0, 4;
    %cmp/u;
    %jmp/1 T_0.1, 6;
    %dup/vec4;
    %pushi/vec4 2, 0, 4;
    %cmp/u;
    %jmp/1 T_0.2, 6;
    %dup/vec4;
    %pushi/vec4 3, 0, 4;
    %cmp/u;
    %jmp/1 T_0.3, 6;
    %dup/vec4;
    %pushi/vec4 4, 0, 4;
    %cmp/u;
    %jmp/1 T_0.4, 6;
    %dup/vec4;
    %pushi/vec4 5, 0, 4;
    %cmp/u;
    %jmp/1 T_0.5, 6;
    %dup/vec4;
    %pushi/vec4 6, 0, 4;
    %cmp/u;
    %jmp/1 T_0.6, 6;
    %dup/vec4;
    %pushi/vec4 7, 0, 4;
    %cmp/u;
    %jmp/1 T_0.7, 6;
    %dup/vec4;
    %pushi/vec4 8, 0, 4;
    %cmp/u;
    %jmp/1 T_0.8, 6;
    %dup/vec4;
    %pushi/vec4 9, 0, 4;
    %cmp/u;
    %jmp/1 T_0.9, 6;
    %pushi/vec4 0, 0, 7;
    %ret/vec4 0, 0, 7;  Assign to bcd_to_7seg (store_vec4_to_lval)
    %jmp T_0.11;
T_0.0 ;
    %pushi/vec4 126, 0, 7;
    %ret/vec4 0, 0, 7;  Assign to bcd_to_7seg (store_vec4_to_lval)
    %jmp T_0.11;
T_0.1 ;
    %pushi/vec4 48, 0, 7;
    %ret/vec4 0, 0, 7;  Assign to bcd_to_7seg (store_vec4_to_lval)
    %jmp T_0.11;
T_0.2 ;
    %pushi/vec4 109, 0, 7;
    %ret/vec4 0, 0, 7;  Assign to bcd_to_7seg (store_vec4_to_lval)
    %jmp T_0.11;
T_0.3 ;
    %pushi/vec4 121, 0, 7;
    %ret/vec4 0, 0, 7;  Assign to bcd_to_7seg (store_vec4_to_lval)
    %jmp T_0.11;
T_0.4 ;
    %pushi/vec4 51, 0, 7;
    %ret/vec4 0, 0, 7;  Assign to bcd_to_7seg (store_vec4_to_lval)
    %jmp T_0.11;
T_0.5 ;
    %pushi/vec4 91, 0, 7;
    %ret/vec4 0, 0, 7;  Assign to bcd_to_7seg (store_vec4_to_lval)
    %jmp T_0.11;
T_0.6 ;
    %pushi/vec4 95, 0, 7;
    %ret/vec4 0, 0, 7;  Assign to bcd_to_7seg (store_vec4_to_lval)
    %jmp T_0.11;
T_0.7 ;
    %pushi/vec4 112, 0, 7;
    %ret/vec4 0, 0, 7;  Assign to bcd_to_7seg (store_vec4_to_lval)
    %jmp T_0.11;
T_0.8 ;
    %pushi/vec4 127, 0, 7;
    %ret/vec4 0, 0, 7;  Assign to bcd_to_7seg (store_vec4_to_lval)
    %jmp T_0.11;
T_0.9 ;
    %pushi/vec4 123, 0, 7;
    %ret/vec4 0, 0, 7;  Assign to bcd_to_7seg (store_vec4_to_lval)
    %jmp T_0.11;
T_0.11 ;
    %pop/vec4 1;
    %end;
    .scope S_0000023fa1ab64f0;
T_1 ;
    %pushi/vec4 0, 0, 4;
    %store/vec4 v0000023fa1b65780_0, 0, 4;
    %pushi/vec4 0, 0, 3;
    %store/vec4 v0000023fa1b62f40_0, 0, 3;
    %pushi/vec4 0, 0, 4;
    %store/vec4 v0000023fa1b62d60_0, 0, 4;
    %pushi/vec4 0, 0, 3;
    %store/vec4 v0000023fa1b63760_0, 0, 3;
    %pushi/vec4 0, 0, 4;
    %store/vec4 v0000023fa1b63440_0, 0, 4;
    %pushi/vec4 0, 0, 2;
    %store/vec4 v0000023fa1b631c0_0, 0, 2;
    %end;
    .thread T_1;
    .scope S_0000023fa1ab64f0;
T_2 ;
    %wait E_0000023fa1af8c10;
    %load/vec4 v0000023fa1b62ea0_0;
    %flag_set/vec4 8;
    %jmp/0xz  T_2.0, 8;
    %pushi/vec4 0, 0, 4;
    %assign/vec4 v0000023fa1b65780_0, 0;
    %pushi/vec4 0, 0, 3;
    %assign/vec4 v0000023fa1b62f40_0, 0;
    %pushi/vec4 0, 0, 4;
    %assign/vec4 v0000023fa1b62d60_0, 0;
    %pushi/vec4 0, 0, 3;
    %assign/vec4 v0000023fa1b63760_0, 0;
    %pushi/vec4 0, 0, 4;
    %assign/vec4 v0000023fa1b63440_0, 0;
    %pushi/vec4 0, 0, 2;
    %assign/vec4 v0000023fa1b631c0_0, 0;
    %jmp T_2.1;
T_2.0 ;
    %load/vec4 v0000023fa1b65780_0;
    %pad/u 32;
    %cmpi/e 9, 0, 32;
    %jmp/0xz  T_2.2, 4;
    %pushi/vec4 0, 0, 4;
    %assign/vec4 v0000023fa1b65780_0, 0;
    %jmp T_2.3;
T_2.2 ;
    %load/vec4 v0000023fa1b65780_0;
    %addi 1, 0, 4;
    %assign/vec4 v0000023fa1b65780_0, 0;
T_2.3 ;
    %load/vec4 v0000023fa1b65960_0;
    %flag_set/vec4 8;
    %jmp/0xz  T_2.4, 8;
    %load/vec4 v0000023fa1b62f40_0;
    %pad/u 32;
    %cmpi/e 5, 0, 32;
    %jmp/0xz  T_2.6, 4;
    %pushi/vec4 0, 0, 3;
    %assign/vec4 v0000023fa1b62f40_0, 0;
    %jmp T_2.7;
T_2.6 ;
    %load/vec4 v0000023fa1b62f40_0;
    %addi 1, 0, 3;
    %assign/vec4 v0000023fa1b62f40_0, 0;
T_2.7 ;
T_2.4 ;
    %load/vec4 v0000023fa1b62fe0_0;
    %flag_set/vec4 8;
    %jmp/0xz  T_2.8, 8;
    %load/vec4 v0000023fa1b62d60_0;
    %pad/u 32;
    %cmpi/e 9, 0, 32;
    %jmp/0xz  T_2.10, 4;
    %pushi/vec4 0, 0, 4;
    %assign/vec4 v0000023fa1b62d60_0, 0;
    %jmp T_2.11;
T_2.10 ;
    %load/vec4 v0000023fa1b62d60_0;
    %addi 1, 0, 4;
    %assign/vec4 v0000023fa1b62d60_0, 0;
T_2.11 ;
T_2.8 ;
    %load/vec4 v0000023fa1b63b20_0;
    %flag_set/vec4 8;
    %jmp/0xz  T_2.12, 8;
    %load/vec4 v0000023fa1b63760_0;
    %pad/u 32;
    %cmpi/e 5, 0, 32;
    %jmp/0xz  T_2.14, 4;
    %pushi/vec4 0, 0, 3;
    %assign/vec4 v0000023fa1b63760_0, 0;
    %jmp T_2.15;
T_2.14 ;
    %load/vec4 v0000023fa1b63760_0;
    %addi 1, 0, 3;
    %assign/vec4 v0000023fa1b63760_0, 0;
T_2.15 ;
T_2.12 ;
    %load/vec4 v0000023fa1b62cc0_0;
    %flag_set/vec4 8;
    %jmp/0xz  T_2.16, 8;
    %load/vec4 v0000023fa1b63a80_0;
    %flag_set/vec4 8;
    %jmp/0xz  T_2.18, 8;
    %pushi/vec4 0, 0, 4;
    %assign/vec4 v0000023fa1b63440_0, 0;
    %pushi/vec4 0, 0, 2;
    %assign/vec4 v0000023fa1b631c0_0, 0;
    %jmp T_2.19;
T_2.18 ;
    %load/vec4 v0000023fa1b631c0_0;
    %pad/u 32;
    %cmpi/e 2, 0, 32;
    %flag_get/vec4 4;
    %jmp/0 T_2.22, 4;
    %load/vec4 v0000023fa1b63440_0;
    %pad/u 32;
    %pushi/vec4 3, 0, 32;
    %cmp/e;
    %flag_get/vec4 4;
    %and;
T_2.22;
    %flag_set/vec4 8;
    %jmp/0xz  T_2.20, 8;
    %pushi/vec4 0, 0, 4;
    %assign/vec4 v0000023fa1b63440_0, 0;
    %pushi/vec4 0, 0, 2;
    %assign/vec4 v0000023fa1b631c0_0, 0;
    %jmp T_2.21;
T_2.20 ;
    %load/vec4 v0000023fa1b63440_0;
    %pad/u 32;
    %cmpi/e 9, 0, 32;
    %jmp/1 T_2.25, 4;
    %flag_mov 8, 4;
    %load/vec4 v0000023fa1b631c0_0;
    %pad/u 32;
    %cmpi/e 1, 0, 32;
    %flag_get/vec4 4;
    %jmp/0 T_2.26, 4;
    %load/vec4 v0000023fa1b63440_0;
    %pad/u 32;
    %pushi/vec4 9, 0, 32;
    %cmp/e;
    %flag_get/vec4 4;
    %and;
T_2.26;
    %flag_set/vec4 9;
    %flag_or 9, 8;
    %flag_mov 4, 9;
T_2.25;
    %jmp/0xz  T_2.23, 4;
    %pushi/vec4 0, 0, 4;
    %assign/vec4 v0000023fa1b63440_0, 0;
    %load/vec4 v0000023fa1b631c0_0;
    %addi 1, 0, 2;
    %assign/vec4 v0000023fa1b631c0_0, 0;
    %jmp T_2.24;
T_2.23 ;
    %load/vec4 v0000023fa1b63440_0;
    %addi 1, 0, 4;
    %assign/vec4 v0000023fa1b63440_0, 0;
T_2.24 ;
T_2.21 ;
T_2.19 ;
T_2.16 ;
T_2.1 ;
    %jmp T_2;
    .thread T_2;
    .scope S_0000023fa1ab64f0;
T_3 ;
    %wait E_0000023fa1af8c10;
    %load/vec4 v0000023fa1b65780_0;
    %store/vec4 v0000023fa1ab6b70_0, 0, 4;
    %callf/vec4 TD_digital_clock.bcd_to_7seg, S_0000023fa1ab6680;
    %store/vec4 v0000023fa1b64a60_0, 0, 7;
    %pushi/vec4 0, 0, 1;
    %load/vec4 v0000023fa1b62f40_0;
    %concat/vec4; draw_concat_vec4
    %store/vec4 v0000023fa1ab6b70_0, 0, 4;
    %callf/vec4 TD_digital_clock.bcd_to_7seg, S_0000023fa1ab6680;
    %store/vec4 v0000023fa1b655a0_0, 0, 7;
    %load/vec4 v0000023fa1b62d60_0;
    %store/vec4 v0000023fa1ab6b70_0, 0, 4;
    %callf/vec4 TD_digital_clock.bcd_to_7seg, S_0000023fa1ab6680;
    %store/vec4 v0000023fa1b62e00_0, 0, 7;
    %pushi/vec4 0, 0, 1;
    %load/vec4 v0000023fa1b63760_0;
    %concat/vec4; draw_concat_vec4
    %store/vec4 v0000023fa1ab6b70_0, 0, 4;
    %callf/vec4 TD_digital_clock.bcd_to_7seg, S_0000023fa1ab6680;
    %store/vec4 v0000023fa1b63800_0, 0, 7;
    %load/vec4 v0000023fa1b63440_0;
    %store/vec4 v0000023fa1ab6b70_0, 0, 4;
    %callf/vec4 TD_digital_clock.bcd_to_7seg, S_0000023fa1ab6680;
    %store/vec4 v0000023fa1b634e0_0, 0, 7;
    %pushi/vec4 0, 0, 2;
    %load/vec4 v0000023fa1b631c0_0;
    %concat/vec4; draw_concat_vec4
    %store/vec4 v0000023fa1ab6b70_0, 0, 4;
    %callf/vec4 TD_digital_clock.bcd_to_7seg, S_0000023fa1ab6680;
    %store/vec4 v0000023fa1b638a0_0, 0, 7;
    %jmp T_3;
    .thread T_3;
# The file index is used to find the file name in the following table.
:file_names 3;
    "N/A";
    "<interactive>";
    "digital_clock.v";
